<?xml version="1.0" encoding="UTF-8"?>
<!-- Generated by org.testng.reporters.JUnitReportReporter -->
<testsuite hostname="rohitpunekar" failures="0" tests="3" name="SignupTestCases.SignUpPage" time="0.595" errors="0" timestamp="2022-01-07T13:21:58 IST" skipped="0">
  <testcase classname="SignupTestCases.SignUpPage" name="EnterName" time="0.120"/>
  <system-out/>
  <testcase classname="SignupTestCases.SignUpPage" name="EnterMobile" time="0.199"/>
  <system-out/>
  <testcase classname="SignupTestCases.SignUpPage" name="EnterAddress" time="0.276"/>
  <system-out/>
</testsuite> <!-- SignupTestCases.SignUpPage -->
