<?xml version="1.0" encoding="UTF-8"?>
<!-- Generated by org.testng.reporters.JUnitReportReporter -->
<testsuite hostname="DESKTOP-ALODH79" failures="0" tests="2" name="RapidInnovation.homepage" time="3.116" errors="0" timestamp="2022-01-06T16:31:57 IST" skipped="0">
  <testcase classname="RapidInnovation.homepage" name="basePageNavigation" time="0.103"/>
  <system-out/>
  <testcase classname="RapidInnovation.homepage" name="getTitle" time="3.013"/>
  <system-out/>
</testsuite> <!-- RapidInnovation.homepage -->
