<?xml version="1.0" encoding="UTF-8"?>
<!-- Generated by org.testng.reporters.JUnitReportReporter -->
<testsuite hostname="rohitpunekar" failures="0" tests="7" name="TestCases.SignUpPage" time="1.051" errors="0" timestamp="2022-01-07T17:09:17 IST" skipped="0">
  <testcase classname="TestCases.SignUpPage" name="EnterName" time="0.135"/>
  <system-out/>
  <testcase classname="TestCases.SignUpPage" name="EnterAddress" time="0.173"/>
  <system-out/>
  <testcase classname="TestCases.SignUpPage" name="EnterMobile" time="0.098"/>
  <system-out/>
  <testcase classname="TestCases.SignUpPage" name="EnterEmail" time="0.124"/>
  <system-out/>
  <testcase classname="TestCases.SignUpPage" name="EnterWalletAddress" time="0.273"/>
  <system-out/>
  <testcase classname="TestCases.SignUpPage" name="EnterPassword" time="0.119"/>
  <system-out/>
  <testcase classname="TestCases.SignUpPage" name="ConfirmPassword" time="0.129"/>
  <system-out/>
</testsuite> <!-- TestCases.SignUpPage -->
