<?xml version="1.0" encoding="UTF-8"?>
<!-- Generated by org.testng.reporters.JUnitReportReporter -->
<testsuite hostname="rohitpunekar" failures="0" tests="3" name="SignupTestCases.SignUpPage" time="0.479" errors="0" timestamp="2022-01-07T15:25:33 IST" skipped="0">
  <testcase classname="SignupTestCases.SignUpPage" name="EnterName" time="0.143"/>
  <system-out/>
  <testcase classname="SignupTestCases.SignUpPage" name="EnterAddress" time="0.177"/>
  <system-out/>
  <testcase classname="SignupTestCases.SignUpPage" name="EnterMobile" time="0.159"/>
  <system-out/>
</testsuite> <!-- SignupTestCases.SignUpPage -->
