<?xml version="1.0" encoding="UTF-8"?>
<!-- Generated by org.testng.reporters.JUnitReportReporter -->
<testsuite hostname="rohitpunekar" failures="0" tests="7" name="TestCases.SignUpPage" time="1.084" errors="0" timestamp="2022-01-11T10:24:06 IST" skipped="0">
  <testcase classname="TestCases.SignUpPage" name="EnterName" time="0.137"/>
  <system-out/>
  <testcase classname="TestCases.SignUpPage" name="EnterAddress" time="0.189"/>
  <system-out/>
  <testcase classname="TestCases.SignUpPage" name="EnterMobile" time="0.168"/>
  <system-out/>
  <testcase classname="TestCases.SignUpPage" name="EnterEmail" time="0.209"/>
  <system-out/>
  <testcase classname="TestCases.SignUpPage" name="EnterWalletAddress" time="0.172"/>
  <system-out/>
  <testcase classname="TestCases.SignUpPage" name="EnterPassword" time="0.111"/>
  <system-out/>
  <testcase classname="TestCases.SignUpPage" name="ConfirmPassword" time="0.098"/>
  <system-out/>
</testsuite> <!-- TestCases.SignUpPage -->
