<?xml version="1.0" encoding="UTF-8"?>
<!-- Generated by org.testng.reporters.JUnitReportReporter -->
<testsuite hostname="rohitpunekar" failures="0" tests="7" name="SignupTestCases.SignUpPage" time="1.727" errors="0" timestamp="2022-01-07T16:49:53 IST" skipped="0">
  <testcase classname="SignupTestCases.SignUpPage" name="EnterName" time="0.486"/>
  <system-out/>
  <testcase classname="SignupTestCases.SignUpPage" name="EnterAddress" time="0.275"/>
  <system-out/>
  <testcase classname="SignupTestCases.SignUpPage" name="EnterMobile" time="0.202"/>
  <system-out/>
  <testcase classname="SignupTestCases.SignUpPage" name="EnterEmail" time="0.315"/>
  <system-out/>
  <testcase classname="SignupTestCases.SignUpPage" name="EnterWalletAddress" time="0.218"/>
  <system-out/>
  <testcase classname="SignupTestCases.SignUpPage" name="EnterPassword" time="0.111"/>
  <system-out/>
  <testcase classname="SignupTestCases.SignUpPage" name="ConfirmPassword" time="0.120"/>
  <system-out/>
</testsuite> <!-- SignupTestCases.SignUpPage -->
