<?xml version="1.0" encoding="UTF-8"?>
<!-- Generated by org.testng.reporters.JUnitReportReporter -->
<testsuite hostname="rohitpunekar" failures="0" tests="3" name="SignupTestCases.SignUpPage" time="0.993" errors="0" timestamp="2022-01-07T16:05:51 IST" skipped="0">
  <testcase classname="SignupTestCases.SignUpPage" name="EnterName" time="0.182"/>
  <system-out/>
  <testcase classname="SignupTestCases.SignUpPage" name="EnterAddress" time="0.537"/>
  <system-out/>
  <testcase classname="SignupTestCases.SignUpPage" name="EnterMobile" time="0.274"/>
  <system-out/>
</testsuite> <!-- SignupTestCases.SignUpPage -->
