<?xml version="1.0" encoding="UTF-8"?>
<!-- Generated by org.testng.reporters.JUnitReportReporter -->
<testsuite hostname="rohitpunekar" failures="0" tests="3" name="TestCases.LoginPage" time="0.415" errors="0" timestamp="2022-01-11T10:28:56 IST" skipped="0">
  <testcase classname="TestCases.LoginPage" name="EnterEmail" time="0.206"/>
  <system-out/>
  <testcase classname="TestCases.LoginPage" name="EnterPassword" time="0.131"/>
  <system-out/>
  <testcase classname="TestCases.LoginPage" name="Submit" time="0.078"/>
  <system-out/>
</testsuite> <!-- TestCases.LoginPage -->
