<?xml version="1.0" encoding="UTF-8"?>
<!-- Generated by org.testng.reporters.JUnitReportReporter -->
<testsuite hostname="rohitpunekar" failures="0" tests="2" name="TestCases.LoginPage" time="0.361" errors="0" timestamp="2022-01-07T17:04:20 IST" skipped="0">
  <testcase classname="TestCases.LoginPage" name="EnterEmail" time="0.244"/>
  <system-out/>
  <testcase classname="TestCases.LoginPage" name="EnterPassword" time="0.117"/>
  <system-out/>
</testsuite> <!-- TestCases.LoginPage -->
