<?xml version="1.0" encoding="UTF-8"?>
<!-- Generated by org.testng.reporters.JUnitReportReporter -->
<testsuite hostname="DESKTOP-ALODH79" failures="0" tests="1" name="com.RapidInnovation.ExtentReport.ExtentReportDemo" time="11.071" errors="0" timestamp="2022-01-03T09:15:29 IST" skipped="0">
  <testcase classname="com.RapidInnovation.ExtentReport.ExtentReportDemo" name="initialDemo" time="11.071"/>
  <system-out/>
</testsuite> <!-- com.RapidInnovation.ExtentReport.ExtentReportDemo -->
