<?xml version="1.0" encoding="UTF-8"?>
<!-- Generated by org.testng.reporters.JUnitReportReporter -->
<testsuite hostname="DESKTOP-ALODH79" failures="0" tests="1" name="com.RapidInnovation.ExtentReport.ExtentReportDemo" time="7.106" errors="0" timestamp="2022-01-02T20:41:30 IST" skipped="0">
  <testcase classname="com.RapidInnovation.ExtentReport.ExtentReportDemo" name="initialDemo" time="7.106"/>
  <system-out/>
</testsuite> <!-- com.RapidInnovation.ExtentReport.ExtentReportDemo -->
